<?xml version="1.0" encoding="UTF-8"?>
<!-- Generated by org.testng.reporters.JUnitXMLReporter -->
<testsuite hostname="Prabodh-PC" ignored="0" name="Test" tests="8" failures="0" timestamp="24 Aug 2020 15:29:33 GMT" time="114.776" errors="0">
  <testcase name="homePageNavigation" time="24.756" classname="tests.HomepageTest"/>
  <testcase name="verifyEmptyEmail" time="27.681" classname="tests.NewsletterSubsTest"/>
  <testcase name="testLogin" time="16.405" classname="tests.InvalidSignInTest"/>
  <testcase name="verifyInvalidEmail" time="25.503" classname="tests.NewsletterSubsTest"/>
  <testcase name="testLogin" time="15.54" classname="tests.InvalidSignInTest"/>
  <testcase name="verifyValidEmail" time="26.103" classname="tests.NewsletterSubsTest"/>
  <testcase name="verifyProductCount" time="27.781" classname="tests.WomenSummerDressSectionTest"/>
  <testcase name="checkOutJourney" time="54.861" classname="tests.CheckoutTest"/>
</testsuite> <!-- Test -->
