<?xml version="1.0" encoding="UTF-8"?>
<!-- Generated by org.testng.reporters.JUnitXMLReporter -->
<testsuite hostname="Prabodh-PC" ignored="0" name="Test" tests="8" failures="0" timestamp="23 Aug 2020 17:00:07 GMT" time="111.669" errors="0">
  <testcase name="homePageNavigation" time="24.589" classname="tests.HomepageTest"/>
  <testcase name="verifyEmptyEmail" time="28.808" classname="tests.NewsletterSubsTest"/>
  <testcase name="testLogin" time="17.19" classname="tests.InvalidSignInTest"/>
  <testcase name="verifyInvalidEmail" time="23.792" classname="tests.NewsletterSubsTest"/>
  <testcase name="testLogin" time="15.832" classname="tests.InvalidSignInTest"/>
  <testcase name="verifyValidEmail" time="29.103" classname="tests.NewsletterSubsTest"/>
  <testcase name="verifyProductCount" time="26.436" classname="tests.WomenSummerDressSectionTest"/>
  <testcase name="checkOutJourney" time="50.79" classname="tests.CheckoutTest"/>
</testsuite> <!-- Test -->
