<?xml version="1.0" encoding="UTF-8"?>
<!-- Generated by org.testng.reporters.JUnitXMLReporter -->
<testsuite hostname="Prabodh-PC" ignored="0" name="Test" tests="8" failures="0" timestamp="23 Aug 2020 18:58:08 GMT" time="105.732" errors="0">
  <testcase name="homePageNavigation" time="24.344" classname="tests.HomepageTest"/>
  <testcase name="verifyEmptyEmail" time="25.348" classname="tests.NewsletterSubsTest"/>
  <testcase name="testLogin" time="19.265" classname="tests.InvalidSignInTest"/>
  <testcase name="verifyInvalidEmail" time="25.758" classname="tests.NewsletterSubsTest"/>
  <testcase name="testLogin" time="15.735" classname="tests.InvalidSignInTest"/>
  <testcase name="verifyValidEmail" time="22.977" classname="tests.NewsletterSubsTest"/>
  <testcase name="verifyProductCount" time="24.81" classname="tests.WomenSummerDressSectionTest"/>
  <testcase name="checkOutJourney" time="43.438" classname="tests.CheckoutTest"/>
</testsuite> <!-- Test -->
