<?xml version="1.0" encoding="UTF-8"?>
<testng-results skipped="0" failed="0" ignored="0" total="8" passed="8">
  <reporter-output>
  </reporter-output>
  <suite name="Suite" duration-ms="111669" started-at="2020-08-23T16:58:15Z" finished-at="2020-08-23T17:00:07Z">
    <groups>
    </groups>
    <test name="Test" duration-ms="111669" started-at="2020-08-23T16:58:15Z" finished-at="2020-08-23T17:00:07Z">
      <class name="tests.HomepageTest">
        <test-method status="PASS" signature="homePageNavigation()[pri:0, instance:tests.HomepageTest@79e4c792]" name="homePageNavigation" duration-ms="24589" started-at="2020-08-23T16:58:15Z" finished-at="2020-08-23T16:58:40Z">
          <reporter-output>
          </reporter-output>
        </test-method> <!-- homePageNavigation -->
        <test-method status="PASS" signature="tearDown()[pri:0, instance:tests.HomepageTest@79e4c792]" name="tearDown" is-config="true" duration-ms="720" started-at="2020-08-23T16:58:40Z" finished-at="2020-08-23T16:58:41Z">
          <reporter-output>
          </reporter-output>
        </test-method> <!-- tearDown -->
      </class> <!-- tests.HomepageTest -->
      <class name="tests.InvalidSignInTest">
        <test-method status="PASS" signature="testLogin(java.lang.String, java.lang.String)[pri:0, instance:tests.InvalidSignInTest@4c60d6e9]" name="testLogin" duration-ms="17190" started-at="2020-08-23T16:58:41Z" data-provider="getInvalidLoginData" finished-at="2020-08-23T16:58:58Z">
          <params>
            <param index="0">
              <value>
                <![CDATA[u1]]>
              </value>
            </param>
            <param index="1">
              <value>
                <![CDATA[p1]]>
              </value>
            </param>
          </params>
          <reporter-output>
          </reporter-output>
        </test-method> <!-- testLogin -->
        <test-method status="PASS" signature="tearDown()[pri:0, instance:tests.InvalidSignInTest@4c60d6e9]" name="tearDown" is-config="true" duration-ms="1141" started-at="2020-08-23T16:58:58Z" finished-at="2020-08-23T16:58:59Z">
          <reporter-output>
          </reporter-output>
        </test-method> <!-- tearDown -->
        <test-method status="PASS" signature="testLogin(java.lang.String, java.lang.String)[pri:0, instance:tests.InvalidSignInTest@4c60d6e9]" name="testLogin" duration-ms="15832" started-at="2020-08-23T16:58:59Z" data-provider="getInvalidLoginData" finished-at="2020-08-23T16:59:15Z">
          <params>
            <param index="0">
              <value>
                <![CDATA[u2]]>
              </value>
            </param>
            <param index="1">
              <value>
                <![CDATA[p2]]>
              </value>
            </param>
          </params>
          <reporter-output>
          </reporter-output>
        </test-method> <!-- testLogin -->
        <test-method status="PASS" signature="tearDown()[pri:0, instance:tests.InvalidSignInTest@4c60d6e9]" name="tearDown" is-config="true" duration-ms="713" started-at="2020-08-23T16:59:15Z" finished-at="2020-08-23T16:59:16Z">
          <reporter-output>
          </reporter-output>
        </test-method> <!-- tearDown -->
      </class> <!-- tests.InvalidSignInTest -->
      <class name="tests.WomenSummerDressSectionTest">
        <test-method status="PASS" signature="verifyProductCount()[pri:0, instance:tests.WomenSummerDressSectionTest@4a83a74a]" name="verifyProductCount" duration-ms="26436" started-at="2020-08-23T16:59:39Z" finished-at="2020-08-23T17:00:06Z">
          <reporter-output>
          </reporter-output>
        </test-method> <!-- verifyProductCount -->
        <test-method status="PASS" signature="tearDown()[pri:0, instance:tests.WomenSummerDressSectionTest@4a83a74a]" name="tearDown" is-config="true" duration-ms="719" started-at="2020-08-23T17:00:06Z" finished-at="2020-08-23T17:00:06Z">
          <reporter-output>
          </reporter-output>
        </test-method> <!-- tearDown -->
      </class> <!-- tests.WomenSummerDressSectionTest -->
      <class name="tests.CheckoutTest">
        <test-method status="PASS" signature="checkOutJourney()[pri:0, instance:tests.CheckoutTest@15043a2f]" name="checkOutJourney" duration-ms="50790" started-at="2020-08-23T16:59:16Z" finished-at="2020-08-23T17:00:06Z">
          <reporter-output>
          </reporter-output>
        </test-method> <!-- checkOutJourney -->
        <test-method status="PASS" signature="tearDown()[pri:0, instance:tests.CheckoutTest@15043a2f]" name="tearDown" is-config="true" duration-ms="631" started-at="2020-08-23T17:00:06Z" finished-at="2020-08-23T17:00:07Z">
          <reporter-output>
          </reporter-output>
        </test-method> <!-- tearDown -->
      </class> <!-- tests.CheckoutTest -->
      <class name="tests.NewsletterSubsTest">
        <test-method status="PASS" signature="verifyEmptyEmail()[pri:0, instance:tests.NewsletterSubsTest@196a42c3]" name="verifyEmptyEmail" duration-ms="28808" started-at="2020-08-23T16:58:15Z" finished-at="2020-08-23T16:58:44Z">
          <reporter-output>
          </reporter-output>
        </test-method> <!-- verifyEmptyEmail -->
        <test-method status="PASS" signature="tearDown()[pri:0, instance:tests.NewsletterSubsTest@196a42c3]" name="tearDown" is-config="true" duration-ms="736" started-at="2020-08-23T16:58:44Z" finished-at="2020-08-23T16:58:45Z">
          <reporter-output>
          </reporter-output>
        </test-method> <!-- tearDown -->
        <test-method status="PASS" signature="verifyInvalidEmail()[pri:0, instance:tests.NewsletterSubsTest@196a42c3]" name="verifyInvalidEmail" duration-ms="23792" started-at="2020-08-23T16:58:45Z" finished-at="2020-08-23T16:59:09Z">
          <reporter-output>
          </reporter-output>
        </test-method> <!-- verifyInvalidEmail -->
        <test-method status="PASS" signature="tearDown()[pri:0, instance:tests.NewsletterSubsTest@196a42c3]" name="tearDown" is-config="true" duration-ms="671" started-at="2020-08-23T16:59:09Z" finished-at="2020-08-23T16:59:09Z">
          <reporter-output>
          </reporter-output>
        </test-method> <!-- tearDown -->
        <test-method status="PASS" signature="verifyValidEmail()[pri:0, instance:tests.NewsletterSubsTest@196a42c3]" name="verifyValidEmail" duration-ms="29103" started-at="2020-08-23T16:59:09Z" finished-at="2020-08-23T16:59:39Z">
          <reporter-output>
          </reporter-output>
        </test-method> <!-- verifyValidEmail -->
        <test-method status="PASS" signature="tearDown()[pri:0, instance:tests.NewsletterSubsTest@196a42c3]" name="tearDown" is-config="true" duration-ms="641" started-at="2020-08-23T16:59:39Z" finished-at="2020-08-23T16:59:39Z">
          <reporter-output>
          </reporter-output>
        </test-method> <!-- tearDown -->
      </class> <!-- tests.NewsletterSubsTest -->
    </test> <!-- Test -->
  </suite> <!-- Suite -->
</testng-results>
