<?xml version="1.0" encoding="UTF-8"?>
<testng-results skipped="0" failed="0" ignored="0" total="1" passed="1">
  <reporter-output>
  </reporter-output>
  <suite name="Default suite" duration-ms="49250" started-at="2020-08-23T16:33:11Z" finished-at="2020-08-23T16:34:01Z">
    <groups>
    </groups>
    <test name="Default test" duration-ms="49250" started-at="2020-08-23T16:33:11Z" finished-at="2020-08-23T16:34:01Z">
      <class name="tests.CheckoutTest">
        <test-method status="PASS" signature="checkOutJourney()[pri:0, instance:tests.CheckoutTest@4c178a76]" name="checkOutJourney" duration-ms="48568" started-at="2020-08-23T16:33:11Z" finished-at="2020-08-23T16:34:00Z">
          <reporter-output>
          </reporter-output>
        </test-method> <!-- checkOutJourney -->
        <test-method status="PASS" signature="tearDown()[pri:0, instance:tests.CheckoutTest@4c178a76]" name="tearDown" is-config="true" duration-ms="644" started-at="2020-08-23T16:34:00Z" finished-at="2020-08-23T16:34:01Z">
          <reporter-output>
          </reporter-output>
        </test-method> <!-- tearDown -->
      </class> <!-- tests.CheckoutTest -->
    </test> <!-- Default test -->
  </suite> <!-- Default suite -->
</testng-results>
