<?xml version="1.0" encoding="UTF-8"?>
<testng-results skipped="0" failed="0" ignored="0" total="8" passed="8">
  <reporter-output>
  </reporter-output>
  <suite name="Suite" duration-ms="114776" started-at="2020-08-24T15:27:38Z" finished-at="2020-08-24T15:29:33Z">
    <groups>
    </groups>
    <test name="Test" duration-ms="114776" started-at="2020-08-24T15:27:38Z" finished-at="2020-08-24T15:29:33Z">
      <class name="tests.HomepageTest">
        <test-method status="PASS" signature="homePageNavigation()[pri:0, instance:tests.HomepageTest@61c4eee0]" name="homePageNavigation" duration-ms="24756" started-at="2020-08-24T15:27:38Z" finished-at="2020-08-24T15:28:03Z">
          <reporter-output>
          </reporter-output>
        </test-method> <!-- homePageNavigation -->
        <test-method status="PASS" signature="tearDown()[pri:0, instance:tests.HomepageTest@61c4eee0]" name="tearDown" is-config="true" duration-ms="685" started-at="2020-08-24T15:28:03Z" finished-at="2020-08-24T15:28:04Z">
          <reporter-output>
          </reporter-output>
        </test-method> <!-- tearDown -->
      </class> <!-- tests.HomepageTest -->
      <class name="tests.InvalidSignInTest">
        <test-method status="PASS" signature="testLogin(java.lang.String, java.lang.String)[pri:0, instance:tests.InvalidSignInTest@1040be71]" name="testLogin" duration-ms="16405" started-at="2020-08-24T15:28:04Z" data-provider="getInvalidLoginData" finished-at="2020-08-24T15:28:20Z">
          <params>
            <param index="0">
              <value>
                <![CDATA[u1]]>
              </value>
            </param>
            <param index="1">
              <value>
                <![CDATA[p1]]>
              </value>
            </param>
          </params>
          <reporter-output>
          </reporter-output>
        </test-method> <!-- testLogin -->
        <test-method status="PASS" signature="tearDown()[pri:0, instance:tests.InvalidSignInTest@1040be71]" name="tearDown" is-config="true" duration-ms="1178" started-at="2020-08-24T15:28:20Z" finished-at="2020-08-24T15:28:21Z">
          <reporter-output>
          </reporter-output>
        </test-method> <!-- tearDown -->
        <test-method status="PASS" signature="testLogin(java.lang.String, java.lang.String)[pri:0, instance:tests.InvalidSignInTest@1040be71]" name="testLogin" duration-ms="15540" started-at="2020-08-24T15:28:21Z" data-provider="getInvalidLoginData" finished-at="2020-08-24T15:28:37Z">
          <params>
            <param index="0">
              <value>
                <![CDATA[u2]]>
              </value>
            </param>
            <param index="1">
              <value>
                <![CDATA[p2]]>
              </value>
            </param>
          </params>
          <reporter-output>
          </reporter-output>
        </test-method> <!-- testLogin -->
        <test-method status="PASS" signature="tearDown()[pri:0, instance:tests.InvalidSignInTest@1040be71]" name="tearDown" is-config="true" duration-ms="619" started-at="2020-08-24T15:28:37Z" finished-at="2020-08-24T15:28:37Z">
          <reporter-output>
          </reporter-output>
        </test-method> <!-- tearDown -->
      </class> <!-- tests.InvalidSignInTest -->
      <class name="tests.WomenSummerDressSectionTest">
        <test-method status="PASS" signature="verifyProductCount()[pri:0, instance:tests.WomenSummerDressSectionTest@433defed]" name="verifyProductCount" duration-ms="27781" started-at="2020-08-24T15:29:00Z" finished-at="2020-08-24T15:29:28Z">
          <reporter-output>
          </reporter-output>
        </test-method> <!-- verifyProductCount -->
        <test-method status="PASS" signature="tearDown()[pri:0, instance:tests.WomenSummerDressSectionTest@433defed]" name="tearDown" is-config="true" duration-ms="651" started-at="2020-08-24T15:29:28Z" finished-at="2020-08-24T15:29:28Z">
          <reporter-output>
          </reporter-output>
        </test-method> <!-- tearDown -->
      </class> <!-- tests.WomenSummerDressSectionTest -->
      <class name="tests.NewsletterSubsTest">
        <test-method status="PASS" signature="verifyEmptyEmail()[pri:0, instance:tests.NewsletterSubsTest@6f10d5b6]" name="verifyEmptyEmail" duration-ms="27681" started-at="2020-08-24T15:27:38Z" finished-at="2020-08-24T15:28:06Z">
          <reporter-output>
          </reporter-output>
        </test-method> <!-- verifyEmptyEmail -->
        <test-method status="PASS" signature="tearDown()[pri:0, instance:tests.NewsletterSubsTest@6f10d5b6]" name="tearDown" is-config="true" duration-ms="851" started-at="2020-08-24T15:28:06Z" finished-at="2020-08-24T15:28:07Z">
          <reporter-output>
          </reporter-output>
        </test-method> <!-- tearDown -->
        <test-method status="PASS" signature="verifyInvalidEmail()[pri:0, instance:tests.NewsletterSubsTest@6f10d5b6]" name="verifyInvalidEmail" duration-ms="25503" started-at="2020-08-24T15:28:07Z" finished-at="2020-08-24T15:28:32Z">
          <reporter-output>
          </reporter-output>
        </test-method> <!-- verifyInvalidEmail -->
        <test-method status="PASS" signature="tearDown()[pri:0, instance:tests.NewsletterSubsTest@6f10d5b6]" name="tearDown" is-config="true" duration-ms="804" started-at="2020-08-24T15:28:32Z" finished-at="2020-08-24T15:28:33Z">
          <reporter-output>
          </reporter-output>
        </test-method> <!-- tearDown -->
        <test-method status="PASS" signature="verifyValidEmail()[pri:0, instance:tests.NewsletterSubsTest@6f10d5b6]" name="verifyValidEmail" duration-ms="26103" started-at="2020-08-24T15:28:33Z" finished-at="2020-08-24T15:28:59Z">
          <reporter-output>
          </reporter-output>
        </test-method> <!-- verifyValidEmail -->
        <test-method status="PASS" signature="tearDown()[pri:0, instance:tests.NewsletterSubsTest@6f10d5b6]" name="tearDown" is-config="true" duration-ms="667" started-at="2020-08-24T15:28:59Z" finished-at="2020-08-24T15:29:00Z">
          <reporter-output>
          </reporter-output>
        </test-method> <!-- tearDown -->
      </class> <!-- tests.NewsletterSubsTest -->
      <class name="tests.CheckoutTest">
        <test-method status="PASS" signature="checkOutJourney()[pri:0, instance:tests.CheckoutTest@548a24a]" name="checkOutJourney" duration-ms="54861" started-at="2020-08-24T15:28:37Z" finished-at="2020-08-24T15:29:32Z">
          <reporter-output>
          </reporter-output>
        </test-method> <!-- checkOutJourney -->
        <test-method status="PASS" signature="tearDown()[pri:0, instance:tests.CheckoutTest@548a24a]" name="tearDown" is-config="true" duration-ms="669" started-at="2020-08-24T15:29:32Z" finished-at="2020-08-24T15:29:33Z">
          <reporter-output>
          </reporter-output>
        </test-method> <!-- tearDown -->
      </class> <!-- tests.CheckoutTest -->
    </test> <!-- Test -->
  </suite> <!-- Suite -->
</testng-results>
